<!DOCTYPE html>
<html>
<head>
<meta http-equiv="Content-Type" content="text/html; charset=utf-8"/>
<meta http-equiv="x-ua-compatible" content="IE=edge"/>
<title>Test results - Class com.board.PostViewTest</title>
<link href="../css/base-style.css" rel="stylesheet" type="text/css"/>
<link href="../css/style.css" rel="stylesheet" type="text/css"/>
<script src="../js/report.js" type="text/javascript"></script>
</head>
<body>
<div id="content">
<h1>Class com.board.PostViewTest</h1>
<div class="breadcrumbs">
<a href="../index.html">all</a> &gt; 
<a href="../packages/com.board.html">com.board</a> &gt; PostViewTest</div>
<div id="summary">
<table>
<tr>
<td>
<div class="summaryGroup">
<table>
<tr>
<td>
<div class="infoBox" id="tests">
<div class="counter">5</div>
<p>tests</p>
</div>
</td>
<td>
<div class="infoBox" id="failures">
<div class="counter">5</div>
<p>failures</p>
</div>
</td>
<td>
<div class="infoBox" id="ignored">
<div class="counter">0</div>
<p>ignored</p>
</div>
</td>
<td>
<div class="infoBox" id="duration">
<div class="counter">5.751s</div>
<p>duration</p>
</div>
</td>
</tr>
</table>
</div>
</td>
<td>
<div class="infoBox failures" id="successRate">
<div class="percent">0%</div>
<p>successful</p>
</div>
</td>
</tr>
</table>
</div>
<div id="tabs">
<ul class="tabLinks">
<li>
<a href="#tab0">Failed tests</a>
</li>
<li>
<a href="#tab1">Tests</a>
</li>
<li>
<a href="#tab2">Standard output</a>
</li>
<li>
<a href="#tab3">Standard error</a>
</li>
</ul>
<div id="tab0" class="tab">
<h2>Failed tests</h2>
<div class="test">
<a name="deletePostTest"></a>
<h3 class="failures">deletePostTest</h3>
<span class="code">
<pre>org.openqa.selenium.NoSuchElementException: html이 제대로 호출되지 않았습니다.
For documentation on this error, please visit: http://seleniumhq.org/exceptions/no_such_element.html
Build info: version: '2.53.1', revision: 'a36b8b1cd5757287168e54b817830adce9b0158d', time: '2016-06-30 19:26:09'
System info: host: 'chan-ThinkPad-T440', ip: '127.0.1.1', os.name: 'Linux', os.arch: 'amd64', os.version: '4.4.0-59-generic', java.version: '1.8.0_111'
Driver info: driver.version: unknown
	at com.board.PostViewTest.deletePostTest(PostViewTest.java:178)
	at sun.reflect.NativeMethodAccessorImpl.invoke0(Native Method)
	at sun.reflect.NativeMethodAccessorImpl.invoke(NativeMethodAccessorImpl.java:62)
	at sun.reflect.DelegatingMethodAccessorImpl.invoke(DelegatingMethodAccessorImpl.java:43)
	at java.lang.reflect.Method.invoke(Method.java:498)
	at org.junit.runners.model.FrameworkMethod$1.runReflectiveCall(FrameworkMethod.java:50)
	at org.junit.internal.runners.model.ReflectiveCallable.run(ReflectiveCallable.java:12)
	at org.junit.runners.model.FrameworkMethod.invokeExplosively(FrameworkMethod.java:47)
	at org.junit.internal.runners.statements.InvokeMethod.evaluate(InvokeMethod.java:17)
	at org.junit.internal.runners.statements.RunBefores.evaluate(RunBefores.java:26)
	at org.springframework.test.context.junit4.statements.RunBeforeTestMethodCallbacks.evaluate(RunBeforeTestMethodCallbacks.java:75)
	at org.junit.internal.runners.statements.RunAfters.evaluate(RunAfters.java:27)
	at org.springframework.test.context.junit4.statements.RunAfterTestMethodCallbacks.evaluate(RunAfterTestMethodCallbacks.java:86)
	at org.springframework.test.context.junit4.statements.SpringRepeat.evaluate(SpringRepeat.java:84)
	at org.junit.runners.ParentRunner.runLeaf(ParentRunner.java:325)
	at org.springframework.test.context.junit4.SpringJUnit4ClassRunner.runChild(SpringJUnit4ClassRunner.java:252)
	at org.springframework.test.context.junit4.SpringJUnit4ClassRunner.runChild(SpringJUnit4ClassRunner.java:94)
	at org.junit.runners.ParentRunner$3.run(ParentRunner.java:290)
	at org.junit.runners.ParentRunner$1.schedule(ParentRunner.java:71)
	at org.junit.runners.ParentRunner.runChildren(ParentRunner.java:288)
	at org.junit.runners.ParentRunner.access$000(ParentRunner.java:58)
	at org.junit.runners.ParentRunner$2.evaluate(ParentRunner.java:268)
	at org.springframework.test.context.junit4.statements.RunBeforeTestClassCallbacks.evaluate(RunBeforeTestClassCallbacks.java:61)
	at org.springframework.test.context.junit4.statements.RunAfterTestClassCallbacks.evaluate(RunAfterTestClassCallbacks.java:70)
	at org.junit.runners.ParentRunner.run(ParentRunner.java:363)
	at org.springframework.test.context.junit4.SpringJUnit4ClassRunner.run(SpringJUnit4ClassRunner.java:191)
	at org.gradle.api.internal.tasks.testing.junit.JUnitTestClassExecuter.runTestClass(JUnitTestClassExecuter.java:105)
	at org.gradle.api.internal.tasks.testing.junit.JUnitTestClassExecuter.execute(JUnitTestClassExecuter.java:56)
	at org.gradle.api.internal.tasks.testing.junit.JUnitTestClassProcessor.processTestClass(JUnitTestClassProcessor.java:64)
	at org.gradle.api.internal.tasks.testing.SuiteTestClassProcessor.processTestClass(SuiteTestClassProcessor.java:50)
	at sun.reflect.NativeMethodAccessorImpl.invoke0(Native Method)
	at sun.reflect.NativeMethodAccessorImpl.invoke(NativeMethodAccessorImpl.java:62)
	at sun.reflect.DelegatingMethodAccessorImpl.invoke(DelegatingMethodAccessorImpl.java:43)
	at java.lang.reflect.Method.invoke(Method.java:498)
	at org.gradle.messaging.dispatch.ReflectionDispatch.dispatch(ReflectionDispatch.java:35)
	at org.gradle.messaging.dispatch.ReflectionDispatch.dispatch(ReflectionDispatch.java:24)
	at org.gradle.messaging.dispatch.ContextClassLoaderDispatch.dispatch(ContextClassLoaderDispatch.java:32)
	at org.gradle.messaging.dispatch.ProxyDispatchAdapter$DispatchingInvocationHandler.invoke(ProxyDispatchAdapter.java:93)
	at com.sun.proxy.$Proxy2.processTestClass(Unknown Source)
	at org.gradle.api.internal.tasks.testing.worker.TestWorker.processTestClass(TestWorker.java:106)
	at sun.reflect.NativeMethodAccessorImpl.invoke0(Native Method)
	at sun.reflect.NativeMethodAccessorImpl.invoke(NativeMethodAccessorImpl.java:62)
	at sun.reflect.DelegatingMethodAccessorImpl.invoke(DelegatingMethodAccessorImpl.java:43)
	at java.lang.reflect.Method.invoke(Method.java:498)
	at org.gradle.messaging.dispatch.ReflectionDispatch.dispatch(ReflectionDispatch.java:35)
	at org.gradle.messaging.dispatch.ReflectionDispatch.dispatch(ReflectionDispatch.java:24)
	at org.gradle.messaging.remote.internal.hub.MessageHub$Handler.run(MessageHub.java:360)
	at org.gradle.internal.concurrent.ExecutorPolicy$CatchAndRecordFailures.onExecute(ExecutorPolicy.java:54)
	at org.gradle.internal.concurrent.StoppableExecutorImpl$1.run(StoppableExecutorImpl.java:40)
	at java.util.concurrent.ThreadPoolExecutor.runWorker(ThreadPoolExecutor.java:1142)
	at java.util.concurrent.ThreadPoolExecutor$Worker.run(ThreadPoolExecutor.java:617)
	at java.lang.Thread.run(Thread.java:745)
</pre>
</span>
</div>
<div class="test">
<a name="moveToModifyTest"></a>
<h3 class="failures">moveToModifyTest</h3>
<span class="code">
<pre>org.openqa.selenium.NoSuchElementException: html이 제대로 호출되지 않았습니다.
For documentation on this error, please visit: http://seleniumhq.org/exceptions/no_such_element.html
Build info: version: '2.53.1', revision: 'a36b8b1cd5757287168e54b817830adce9b0158d', time: '2016-06-30 19:26:09'
System info: host: 'chan-ThinkPad-T440', ip: '127.0.1.1', os.name: 'Linux', os.arch: 'amd64', os.version: '4.4.0-59-generic', java.version: '1.8.0_111'
Driver info: driver.version: unknown
	at com.board.PostViewTest.moveToModifyTest(PostViewTest.java:201)
	at sun.reflect.NativeMethodAccessorImpl.invoke0(Native Method)
	at sun.reflect.NativeMethodAccessorImpl.invoke(NativeMethodAccessorImpl.java:62)
	at sun.reflect.DelegatingMethodAccessorImpl.invoke(DelegatingMethodAccessorImpl.java:43)
	at java.lang.reflect.Method.invoke(Method.java:498)
	at org.junit.runners.model.FrameworkMethod$1.runReflectiveCall(FrameworkMethod.java:50)
	at org.junit.internal.runners.model.ReflectiveCallable.run(ReflectiveCallable.java:12)
	at org.junit.runners.model.FrameworkMethod.invokeExplosively(FrameworkMethod.java:47)
	at org.junit.internal.runners.statements.InvokeMethod.evaluate(InvokeMethod.java:17)
	at org.junit.internal.runners.statements.RunBefores.evaluate(RunBefores.java:26)
	at org.springframework.test.context.junit4.statements.RunBeforeTestMethodCallbacks.evaluate(RunBeforeTestMethodCallbacks.java:75)
	at org.junit.internal.runners.statements.RunAfters.evaluate(RunAfters.java:27)
	at org.springframework.test.context.junit4.statements.RunAfterTestMethodCallbacks.evaluate(RunAfterTestMethodCallbacks.java:86)
	at org.springframework.test.context.junit4.statements.SpringRepeat.evaluate(SpringRepeat.java:84)
	at org.junit.runners.ParentRunner.runLeaf(ParentRunner.java:325)
	at org.springframework.test.context.junit4.SpringJUnit4ClassRunner.runChild(SpringJUnit4ClassRunner.java:252)
	at org.springframework.test.context.junit4.SpringJUnit4ClassRunner.runChild(SpringJUnit4ClassRunner.java:94)
	at org.junit.runners.ParentRunner$3.run(ParentRunner.java:290)
	at org.junit.runners.ParentRunner$1.schedule(ParentRunner.java:71)
	at org.junit.runners.ParentRunner.runChildren(ParentRunner.java:288)
	at org.junit.runners.ParentRunner.access$000(ParentRunner.java:58)
	at org.junit.runners.ParentRunner$2.evaluate(ParentRunner.java:268)
	at org.springframework.test.context.junit4.statements.RunBeforeTestClassCallbacks.evaluate(RunBeforeTestClassCallbacks.java:61)
	at org.springframework.test.context.junit4.statements.RunAfterTestClassCallbacks.evaluate(RunAfterTestClassCallbacks.java:70)
	at org.junit.runners.ParentRunner.run(ParentRunner.java:363)
	at org.springframework.test.context.junit4.SpringJUnit4ClassRunner.run(SpringJUnit4ClassRunner.java:191)
	at org.gradle.api.internal.tasks.testing.junit.JUnitTestClassExecuter.runTestClass(JUnitTestClassExecuter.java:105)
	at org.gradle.api.internal.tasks.testing.junit.JUnitTestClassExecuter.execute(JUnitTestClassExecuter.java:56)
	at org.gradle.api.internal.tasks.testing.junit.JUnitTestClassProcessor.processTestClass(JUnitTestClassProcessor.java:64)
	at org.gradle.api.internal.tasks.testing.SuiteTestClassProcessor.processTestClass(SuiteTestClassProcessor.java:50)
	at sun.reflect.NativeMethodAccessorImpl.invoke0(Native Method)
	at sun.reflect.NativeMethodAccessorImpl.invoke(NativeMethodAccessorImpl.java:62)
	at sun.reflect.DelegatingMethodAccessorImpl.invoke(DelegatingMethodAccessorImpl.java:43)
	at java.lang.reflect.Method.invoke(Method.java:498)
	at org.gradle.messaging.dispatch.ReflectionDispatch.dispatch(ReflectionDispatch.java:35)
	at org.gradle.messaging.dispatch.ReflectionDispatch.dispatch(ReflectionDispatch.java:24)
	at org.gradle.messaging.dispatch.ContextClassLoaderDispatch.dispatch(ContextClassLoaderDispatch.java:32)
	at org.gradle.messaging.dispatch.ProxyDispatchAdapter$DispatchingInvocationHandler.invoke(ProxyDispatchAdapter.java:93)
	at com.sun.proxy.$Proxy2.processTestClass(Unknown Source)
	at org.gradle.api.internal.tasks.testing.worker.TestWorker.processTestClass(TestWorker.java:106)
	at sun.reflect.NativeMethodAccessorImpl.invoke0(Native Method)
	at sun.reflect.NativeMethodAccessorImpl.invoke(NativeMethodAccessorImpl.java:62)
	at sun.reflect.DelegatingMethodAccessorImpl.invoke(DelegatingMethodAccessorImpl.java:43)
	at java.lang.reflect.Method.invoke(Method.java:498)
	at org.gradle.messaging.dispatch.ReflectionDispatch.dispatch(ReflectionDispatch.java:35)
	at org.gradle.messaging.dispatch.ReflectionDispatch.dispatch(ReflectionDispatch.java:24)
	at org.gradle.messaging.remote.internal.hub.MessageHub$Handler.run(MessageHub.java:360)
	at org.gradle.internal.concurrent.ExecutorPolicy$CatchAndRecordFailures.onExecute(ExecutorPolicy.java:54)
	at org.gradle.internal.concurrent.StoppableExecutorImpl$1.run(StoppableExecutorImpl.java:40)
	at java.util.concurrent.ThreadPoolExecutor.runWorker(ThreadPoolExecutor.java:1142)
	at java.util.concurrent.ThreadPoolExecutor$Worker.run(ThreadPoolExecutor.java:617)
	at java.lang.Thread.run(Thread.java:745)
</pre>
</span>
</div>
<div class="test">
<a name="postViewBackTest"></a>
<h3 class="failures">postViewBackTest</h3>
<span class="code">
<pre>org.openqa.selenium.NoSuchElementException: html이 제대로 호출되지 않았습니다.
For documentation on this error, please visit: http://seleniumhq.org/exceptions/no_such_element.html
Build info: version: '2.53.1', revision: 'a36b8b1cd5757287168e54b817830adce9b0158d', time: '2016-06-30 19:26:09'
System info: host: 'chan-ThinkPad-T440', ip: '127.0.1.1', os.name: 'Linux', os.arch: 'amd64', os.version: '4.4.0-59-generic', java.version: '1.8.0_111'
Driver info: driver.version: unknown
	at com.board.PostViewTest.postViewBackTest(PostViewTest.java:148)
	at sun.reflect.NativeMethodAccessorImpl.invoke0(Native Method)
	at sun.reflect.NativeMethodAccessorImpl.invoke(NativeMethodAccessorImpl.java:62)
	at sun.reflect.DelegatingMethodAccessorImpl.invoke(DelegatingMethodAccessorImpl.java:43)
	at java.lang.reflect.Method.invoke(Method.java:498)
	at org.junit.runners.model.FrameworkMethod$1.runReflectiveCall(FrameworkMethod.java:50)
	at org.junit.internal.runners.model.ReflectiveCallable.run(ReflectiveCallable.java:12)
	at org.junit.runners.model.FrameworkMethod.invokeExplosively(FrameworkMethod.java:47)
	at org.junit.internal.runners.statements.InvokeMethod.evaluate(InvokeMethod.java:17)
	at org.junit.internal.runners.statements.RunBefores.evaluate(RunBefores.java:26)
	at org.springframework.test.context.junit4.statements.RunBeforeTestMethodCallbacks.evaluate(RunBeforeTestMethodCallbacks.java:75)
	at org.junit.internal.runners.statements.RunAfters.evaluate(RunAfters.java:27)
	at org.springframework.test.context.junit4.statements.RunAfterTestMethodCallbacks.evaluate(RunAfterTestMethodCallbacks.java:86)
	at org.springframework.test.context.junit4.statements.SpringRepeat.evaluate(SpringRepeat.java:84)
	at org.junit.runners.ParentRunner.runLeaf(ParentRunner.java:325)
	at org.springframework.test.context.junit4.SpringJUnit4ClassRunner.runChild(SpringJUnit4ClassRunner.java:252)
	at org.springframework.test.context.junit4.SpringJUnit4ClassRunner.runChild(SpringJUnit4ClassRunner.java:94)
	at org.junit.runners.ParentRunner$3.run(ParentRunner.java:290)
	at org.junit.runners.ParentRunner$1.schedule(ParentRunner.java:71)
	at org.junit.runners.ParentRunner.runChildren(ParentRunner.java:288)
	at org.junit.runners.ParentRunner.access$000(ParentRunner.java:58)
	at org.junit.runners.ParentRunner$2.evaluate(ParentRunner.java:268)
	at org.springframework.test.context.junit4.statements.RunBeforeTestClassCallbacks.evaluate(RunBeforeTestClassCallbacks.java:61)
	at org.springframework.test.context.junit4.statements.RunAfterTestClassCallbacks.evaluate(RunAfterTestClassCallbacks.java:70)
	at org.junit.runners.ParentRunner.run(ParentRunner.java:363)
	at org.springframework.test.context.junit4.SpringJUnit4ClassRunner.run(SpringJUnit4ClassRunner.java:191)
	at org.gradle.api.internal.tasks.testing.junit.JUnitTestClassExecuter.runTestClass(JUnitTestClassExecuter.java:105)
	at org.gradle.api.internal.tasks.testing.junit.JUnitTestClassExecuter.execute(JUnitTestClassExecuter.java:56)
	at org.gradle.api.internal.tasks.testing.junit.JUnitTestClassProcessor.processTestClass(JUnitTestClassProcessor.java:64)
	at org.gradle.api.internal.tasks.testing.SuiteTestClassProcessor.processTestClass(SuiteTestClassProcessor.java:50)
	at sun.reflect.NativeMethodAccessorImpl.invoke0(Native Method)
	at sun.reflect.NativeMethodAccessorImpl.invoke(NativeMethodAccessorImpl.java:62)
	at sun.reflect.DelegatingMethodAccessorImpl.invoke(DelegatingMethodAccessorImpl.java:43)
	at java.lang.reflect.Method.invoke(Method.java:498)
	at org.gradle.messaging.dispatch.ReflectionDispatch.dispatch(ReflectionDispatch.java:35)
	at org.gradle.messaging.dispatch.ReflectionDispatch.dispatch(ReflectionDispatch.java:24)
	at org.gradle.messaging.dispatch.ContextClassLoaderDispatch.dispatch(ContextClassLoaderDispatch.java:32)
	at org.gradle.messaging.dispatch.ProxyDispatchAdapter$DispatchingInvocationHandler.invoke(ProxyDispatchAdapter.java:93)
	at com.sun.proxy.$Proxy2.processTestClass(Unknown Source)
	at org.gradle.api.internal.tasks.testing.worker.TestWorker.processTestClass(TestWorker.java:106)
	at sun.reflect.NativeMethodAccessorImpl.invoke0(Native Method)
	at sun.reflect.NativeMethodAccessorImpl.invoke(NativeMethodAccessorImpl.java:62)
	at sun.reflect.DelegatingMethodAccessorImpl.invoke(DelegatingMethodAccessorImpl.java:43)
	at java.lang.reflect.Method.invoke(Method.java:498)
	at org.gradle.messaging.dispatch.ReflectionDispatch.dispatch(ReflectionDispatch.java:35)
	at org.gradle.messaging.dispatch.ReflectionDispatch.dispatch(ReflectionDispatch.java:24)
	at org.gradle.messaging.remote.internal.hub.MessageHub$Handler.run(MessageHub.java:360)
	at org.gradle.internal.concurrent.ExecutorPolicy$CatchAndRecordFailures.onExecute(ExecutorPolicy.java:54)
	at org.gradle.internal.concurrent.StoppableExecutorImpl$1.run(StoppableExecutorImpl.java:40)
	at java.util.concurrent.ThreadPoolExecutor.runWorker(ThreadPoolExecutor.java:1142)
	at java.util.concurrent.ThreadPoolExecutor$Worker.run(ThreadPoolExecutor.java:617)
	at java.lang.Thread.run(Thread.java:745)
</pre>
</span>
</div>
<div class="test">
<a name="postViewHitTest"></a>
<h3 class="failures">postViewHitTest</h3>
<span class="code">
<pre>org.openqa.selenium.NoSuchElementException: html이 제대로 호출되지 않았습니다.
For documentation on this error, please visit: http://seleniumhq.org/exceptions/no_such_element.html
Build info: version: '2.53.1', revision: 'a36b8b1cd5757287168e54b817830adce9b0158d', time: '2016-06-30 19:26:09'
System info: host: 'chan-ThinkPad-T440', ip: '127.0.1.1', os.name: 'Linux', os.arch: 'amd64', os.version: '4.4.0-59-generic', java.version: '1.8.0_111'
Driver info: driver.version: unknown
	at com.board.PostViewTest.postViewHitTest(PostViewTest.java:125)
	at sun.reflect.NativeMethodAccessorImpl.invoke0(Native Method)
	at sun.reflect.NativeMethodAccessorImpl.invoke(NativeMethodAccessorImpl.java:62)
	at sun.reflect.DelegatingMethodAccessorImpl.invoke(DelegatingMethodAccessorImpl.java:43)
	at java.lang.reflect.Method.invoke(Method.java:498)
	at org.junit.runners.model.FrameworkMethod$1.runReflectiveCall(FrameworkMethod.java:50)
	at org.junit.internal.runners.model.ReflectiveCallable.run(ReflectiveCallable.java:12)
	at org.junit.runners.model.FrameworkMethod.invokeExplosively(FrameworkMethod.java:47)
	at org.junit.internal.runners.statements.InvokeMethod.evaluate(InvokeMethod.java:17)
	at org.junit.internal.runners.statements.RunBefores.evaluate(RunBefores.java:26)
	at org.springframework.test.context.junit4.statements.RunBeforeTestMethodCallbacks.evaluate(RunBeforeTestMethodCallbacks.java:75)
	at org.junit.internal.runners.statements.RunAfters.evaluate(RunAfters.java:27)
	at org.springframework.test.context.junit4.statements.RunAfterTestMethodCallbacks.evaluate(RunAfterTestMethodCallbacks.java:86)
	at org.springframework.test.context.junit4.statements.SpringRepeat.evaluate(SpringRepeat.java:84)
	at org.junit.runners.ParentRunner.runLeaf(ParentRunner.java:325)
	at org.springframework.test.context.junit4.SpringJUnit4ClassRunner.runChild(SpringJUnit4ClassRunner.java:252)
	at org.springframework.test.context.junit4.SpringJUnit4ClassRunner.runChild(SpringJUnit4ClassRunner.java:94)
	at org.junit.runners.ParentRunner$3.run(ParentRunner.java:290)
	at org.junit.runners.ParentRunner$1.schedule(ParentRunner.java:71)
	at org.junit.runners.ParentRunner.runChildren(ParentRunner.java:288)
	at org.junit.runners.ParentRunner.access$000(ParentRunner.java:58)
	at org.junit.runners.ParentRunner$2.evaluate(ParentRunner.java:268)
	at org.springframework.test.context.junit4.statements.RunBeforeTestClassCallbacks.evaluate(RunBeforeTestClassCallbacks.java:61)
	at org.springframework.test.context.junit4.statements.RunAfterTestClassCallbacks.evaluate(RunAfterTestClassCallbacks.java:70)
	at org.junit.runners.ParentRunner.run(ParentRunner.java:363)
	at org.springframework.test.context.junit4.SpringJUnit4ClassRunner.run(SpringJUnit4ClassRunner.java:191)
	at org.gradle.api.internal.tasks.testing.junit.JUnitTestClassExecuter.runTestClass(JUnitTestClassExecuter.java:105)
	at org.gradle.api.internal.tasks.testing.junit.JUnitTestClassExecuter.execute(JUnitTestClassExecuter.java:56)
	at org.gradle.api.internal.tasks.testing.junit.JUnitTestClassProcessor.processTestClass(JUnitTestClassProcessor.java:64)
	at org.gradle.api.internal.tasks.testing.SuiteTestClassProcessor.processTestClass(SuiteTestClassProcessor.java:50)
	at sun.reflect.NativeMethodAccessorImpl.invoke0(Native Method)
	at sun.reflect.NativeMethodAccessorImpl.invoke(NativeMethodAccessorImpl.java:62)
	at sun.reflect.DelegatingMethodAccessorImpl.invoke(DelegatingMethodAccessorImpl.java:43)
	at java.lang.reflect.Method.invoke(Method.java:498)
	at org.gradle.messaging.dispatch.ReflectionDispatch.dispatch(ReflectionDispatch.java:35)
	at org.gradle.messaging.dispatch.ReflectionDispatch.dispatch(ReflectionDispatch.java:24)
	at org.gradle.messaging.dispatch.ContextClassLoaderDispatch.dispatch(ContextClassLoaderDispatch.java:32)
	at org.gradle.messaging.dispatch.ProxyDispatchAdapter$DispatchingInvocationHandler.invoke(ProxyDispatchAdapter.java:93)
	at com.sun.proxy.$Proxy2.processTestClass(Unknown Source)
	at org.gradle.api.internal.tasks.testing.worker.TestWorker.processTestClass(TestWorker.java:106)
	at sun.reflect.NativeMethodAccessorImpl.invoke0(Native Method)
	at sun.reflect.NativeMethodAccessorImpl.invoke(NativeMethodAccessorImpl.java:62)
	at sun.reflect.DelegatingMethodAccessorImpl.invoke(DelegatingMethodAccessorImpl.java:43)
	at java.lang.reflect.Method.invoke(Method.java:498)
	at org.gradle.messaging.dispatch.ReflectionDispatch.dispatch(ReflectionDispatch.java:35)
	at org.gradle.messaging.dispatch.ReflectionDispatch.dispatch(ReflectionDispatch.java:24)
	at org.gradle.messaging.remote.internal.hub.MessageHub$Handler.run(MessageHub.java:360)
	at org.gradle.internal.concurrent.ExecutorPolicy$CatchAndRecordFailures.onExecute(ExecutorPolicy.java:54)
	at org.gradle.internal.concurrent.StoppableExecutorImpl$1.run(StoppableExecutorImpl.java:40)
	at java.util.concurrent.ThreadPoolExecutor.runWorker(ThreadPoolExecutor.java:1142)
	at java.util.concurrent.ThreadPoolExecutor$Worker.run(ThreadPoolExecutor.java:617)
	at java.lang.Thread.run(Thread.java:745)
</pre>
</span>
</div>
<div class="test">
<a name="postViewTest"></a>
<h3 class="failures">postViewTest</h3>
<span class="code">
<pre>org.openqa.selenium.NoSuchElementException: html이 제대로 호출되지 않았습니다.
For documentation on this error, please visit: http://seleniumhq.org/exceptions/no_such_element.html
Build info: version: '2.53.1', revision: 'a36b8b1cd5757287168e54b817830adce9b0158d', time: '2016-06-30 19:26:09'
System info: host: 'chan-ThinkPad-T440', ip: '127.0.1.1', os.name: 'Linux', os.arch: 'amd64', os.version: '4.4.0-59-generic', java.version: '1.8.0_111'
Driver info: driver.version: unknown
	at com.board.PostViewTest.postViewTest(PostViewTest.java:97)
	at sun.reflect.NativeMethodAccessorImpl.invoke0(Native Method)
	at sun.reflect.NativeMethodAccessorImpl.invoke(NativeMethodAccessorImpl.java:62)
	at sun.reflect.DelegatingMethodAccessorImpl.invoke(DelegatingMethodAccessorImpl.java:43)
	at java.lang.reflect.Method.invoke(Method.java:498)
	at org.junit.runners.model.FrameworkMethod$1.runReflectiveCall(FrameworkMethod.java:50)
	at org.junit.internal.runners.model.ReflectiveCallable.run(ReflectiveCallable.java:12)
	at org.junit.runners.model.FrameworkMethod.invokeExplosively(FrameworkMethod.java:47)
	at org.junit.internal.runners.statements.InvokeMethod.evaluate(InvokeMethod.java:17)
	at org.junit.internal.runners.statements.RunBefores.evaluate(RunBefores.java:26)
	at org.springframework.test.context.junit4.statements.RunBeforeTestMethodCallbacks.evaluate(RunBeforeTestMethodCallbacks.java:75)
	at org.junit.internal.runners.statements.RunAfters.evaluate(RunAfters.java:27)
	at org.springframework.test.context.junit4.statements.RunAfterTestMethodCallbacks.evaluate(RunAfterTestMethodCallbacks.java:86)
	at org.springframework.test.context.junit4.statements.SpringRepeat.evaluate(SpringRepeat.java:84)
	at org.junit.runners.ParentRunner.runLeaf(ParentRunner.java:325)
	at org.springframework.test.context.junit4.SpringJUnit4ClassRunner.runChild(SpringJUnit4ClassRunner.java:252)
	at org.springframework.test.context.junit4.SpringJUnit4ClassRunner.runChild(SpringJUnit4ClassRunner.java:94)
	at org.junit.runners.ParentRunner$3.run(ParentRunner.java:290)
	at org.junit.runners.ParentRunner$1.schedule(ParentRunner.java:71)
	at org.junit.runners.ParentRunner.runChildren(ParentRunner.java:288)
	at org.junit.runners.ParentRunner.access$000(ParentRunner.java:58)
	at org.junit.runners.ParentRunner$2.evaluate(ParentRunner.java:268)
	at org.springframework.test.context.junit4.statements.RunBeforeTestClassCallbacks.evaluate(RunBeforeTestClassCallbacks.java:61)
	at org.springframework.test.context.junit4.statements.RunAfterTestClassCallbacks.evaluate(RunAfterTestClassCallbacks.java:70)
	at org.junit.runners.ParentRunner.run(ParentRunner.java:363)
	at org.springframework.test.context.junit4.SpringJUnit4ClassRunner.run(SpringJUnit4ClassRunner.java:191)
	at org.gradle.api.internal.tasks.testing.junit.JUnitTestClassExecuter.runTestClass(JUnitTestClassExecuter.java:105)
	at org.gradle.api.internal.tasks.testing.junit.JUnitTestClassExecuter.execute(JUnitTestClassExecuter.java:56)
	at org.gradle.api.internal.tasks.testing.junit.JUnitTestClassProcessor.processTestClass(JUnitTestClassProcessor.java:64)
	at org.gradle.api.internal.tasks.testing.SuiteTestClassProcessor.processTestClass(SuiteTestClassProcessor.java:50)
	at sun.reflect.NativeMethodAccessorImpl.invoke0(Native Method)
	at sun.reflect.NativeMethodAccessorImpl.invoke(NativeMethodAccessorImpl.java:62)
	at sun.reflect.DelegatingMethodAccessorImpl.invoke(DelegatingMethodAccessorImpl.java:43)
	at java.lang.reflect.Method.invoke(Method.java:498)
	at org.gradle.messaging.dispatch.ReflectionDispatch.dispatch(ReflectionDispatch.java:35)
	at org.gradle.messaging.dispatch.ReflectionDispatch.dispatch(ReflectionDispatch.java:24)
	at org.gradle.messaging.dispatch.ContextClassLoaderDispatch.dispatch(ContextClassLoaderDispatch.java:32)
	at org.gradle.messaging.dispatch.ProxyDispatchAdapter$DispatchingInvocationHandler.invoke(ProxyDispatchAdapter.java:93)
	at com.sun.proxy.$Proxy2.processTestClass(Unknown Source)
	at org.gradle.api.internal.tasks.testing.worker.TestWorker.processTestClass(TestWorker.java:106)
	at sun.reflect.NativeMethodAccessorImpl.invoke0(Native Method)
	at sun.reflect.NativeMethodAccessorImpl.invoke(NativeMethodAccessorImpl.java:62)
	at sun.reflect.DelegatingMethodAccessorImpl.invoke(DelegatingMethodAccessorImpl.java:43)
	at java.lang.reflect.Method.invoke(Method.java:498)
	at org.gradle.messaging.dispatch.ReflectionDispatch.dispatch(ReflectionDispatch.java:35)
	at org.gradle.messaging.dispatch.ReflectionDispatch.dispatch(ReflectionDispatch.java:24)
	at org.gradle.messaging.remote.internal.hub.MessageHub$Handler.run(MessageHub.java:360)
	at org.gradle.internal.concurrent.ExecutorPolicy$CatchAndRecordFailures.onExecute(ExecutorPolicy.java:54)
	at org.gradle.internal.concurrent.StoppableExecutorImpl$1.run(StoppableExecutorImpl.java:40)
	at java.util.concurrent.ThreadPoolExecutor.runWorker(ThreadPoolExecutor.java:1142)
	at java.util.concurrent.ThreadPoolExecutor$Worker.run(ThreadPoolExecutor.java:617)
	at java.lang.Thread.run(Thread.java:745)
</pre>
</span>
</div>
</div>
<div id="tab1" class="tab">
<h2>Tests</h2>
<table>
<thead>
<tr>
<th>Test</th>
<th>Duration</th>
<th>Result</th>
</tr>
</thead>
<tr>
<td class="failures">deletePostTest</td>
<td>2.563s</td>
<td class="failures">failed</td>
</tr>
<tr>
<td class="failures">moveToModifyTest</td>
<td>0.797s</td>
<td class="failures">failed</td>
</tr>
<tr>
<td class="failures">postViewBackTest</td>
<td>0.791s</td>
<td class="failures">failed</td>
</tr>
<tr>
<td class="failures">postViewHitTest</td>
<td>0.832s</td>
<td class="failures">failed</td>
</tr>
<tr>
<td class="failures">postViewTest</td>
<td>0.768s</td>
<td class="failures">failed</td>
</tr>
</table>
</div>
<div id="tab2" class="tab">
<h2>Standard output</h2>
<span class="code">
<pre>2017-02-17 16:42:00.295  INFO 4288 --- [    Test worker] o.s.t.c.support.AbstractContextLoader    : Could not detect default resource locations for test class [com.board.PostViewTest]: no resource found for suffixes {-context.xml, Context.groovy}.
2017-02-17 16:42:00.307  INFO 4288 --- [    Test worker] o.s.t.c.s.DefaultTestContextBootstrapper : Loaded default TestExecutionListener class names from location [META-INF/spring.factories]: [org.springframework.boot.test.mock.mockito.MockitoTestExecutionListener, org.springframework.boot.test.mock.mockito.ResetMocksTestExecutionListener, org.springframework.boot.test.autoconfigure.restdocs.RestDocsTestExecutionListener, org.springframework.boot.test.autoconfigure.web.client.MockRestServiceServerResetTestExecutionListener, org.springframework.boot.test.autoconfigure.web.servlet.MockMvcPrintOnlyOnFailureTestExecutionListener, org.springframework.boot.test.autoconfigure.web.servlet.WebDriverTestExecutionListener, org.springframework.test.context.web.ServletTestExecutionListener, org.springframework.test.context.support.DirtiesContextBeforeModesTestExecutionListener, org.springframework.test.context.support.DependencyInjectionTestExecutionListener, org.springframework.test.context.support.DirtiesContextTestExecutionListener, org.springframework.test.context.transaction.TransactionalTestExecutionListener, org.springframework.test.context.jdbc.SqlScriptsTestExecutionListener]
2017-02-17 16:42:00.307  INFO 4288 --- [    Test worker] o.s.t.c.s.DefaultTestContextBootstrapper : Using TestExecutionListeners: [org.springframework.test.context.web.ServletTestExecutionListener@1973a4a6, org.springframework.test.context.support.DirtiesContextBeforeModesTestExecutionListener@717629b5, org.springframework.test.context.support.DependencyInjectionTestExecutionListener@3c9ec49f, org.springframework.test.context.support.DirtiesContextTestExecutionListener@51b726e2, org.springframework.test.context.transaction.TransactionalTestExecutionListener@5565fee6, org.springframework.test.context.jdbc.SqlScriptsTestExecutionListener@151e4e7e, org.springframework.boot.test.autoconfigure.web.servlet.MockMvcPrintOnlyOnFailureTestExecutionListener@5feeca7e, org.springframework.boot.test.mock.mockito.MockitoTestExecutionListener@37067757, org.springframework.boot.test.autoconfigure.restdocs.RestDocsTestExecutionListener@4dee2d9f, org.springframework.boot.test.autoconfigure.web.servlet.WebDriverTestExecutionListener@2a64f7e2, org.springframework.boot.test.autoconfigure.web.client.MockRestServiceServerResetTestExecutionListener@3f065ea, org.springframework.boot.test.mock.mockito.ResetMocksTestExecutionListener@748060c]
/home/chan/SpringBoard-test
2017-02-17 16:42:00.316  INFO 4288 --- [    Test worker] o.o.s.phantomjs.PhantomJSDriverService   : executable: /home/chan/SpringBoard-test/src/test/resources/phantomjs-2.1.1-linux-x86_64/bin/phantomjs
2017-02-17 16:42:00.316  INFO 4288 --- [    Test worker] o.o.s.phantomjs.PhantomJSDriverService   : port: 27872
2017-02-17 16:42:00.317  INFO 4288 --- [    Test worker] o.o.s.phantomjs.PhantomJSDriverService   : arguments: [--webdriver=27872, --webdriver-logfile=/home/chan/SpringBoard-test/phantomjsdriver.log]
2017-02-17 16:42:00.317  INFO 4288 --- [    Test worker] o.o.s.phantomjs.PhantomJSDriverService   : environment: {}
/home/chan/SpringBoard-test
2017-02-17 16:42:01.107  INFO 4288 --- [    Test worker] o.o.s.phantomjs.PhantomJSDriverService   : executable: /home/chan/SpringBoard-test/src/test/resources/phantomjs-2.1.1-linux-x86_64/bin/phantomjs
2017-02-17 16:42:01.107  INFO 4288 --- [    Test worker] o.o.s.phantomjs.PhantomJSDriverService   : port: 18308
2017-02-17 16:42:01.107  INFO 4288 --- [    Test worker] o.o.s.phantomjs.PhantomJSDriverService   : arguments: [--webdriver=18308, --webdriver-logfile=/home/chan/SpringBoard-test/phantomjsdriver.log]
2017-02-17 16:42:01.107  INFO 4288 --- [    Test worker] o.o.s.phantomjs.PhantomJSDriverService   : environment: {}
/home/chan/SpringBoard-test
2017-02-17 16:42:03.675  INFO 4288 --- [    Test worker] o.o.s.phantomjs.PhantomJSDriverService   : executable: /home/chan/SpringBoard-test/src/test/resources/phantomjs-2.1.1-linux-x86_64/bin/phantomjs
2017-02-17 16:42:03.677  INFO 4288 --- [    Test worker] o.o.s.phantomjs.PhantomJSDriverService   : port: 24048
2017-02-17 16:42:03.677  INFO 4288 --- [    Test worker] o.o.s.phantomjs.PhantomJSDriverService   : arguments: [--webdriver=24048, --webdriver-logfile=/home/chan/SpringBoard-test/phantomjsdriver.log]
2017-02-17 16:42:03.677  INFO 4288 --- [    Test worker] o.o.s.phantomjs.PhantomJSDriverService   : environment: {}
/home/chan/SpringBoard-test
2017-02-17 16:42:04.469  INFO 4288 --- [    Test worker] o.o.s.phantomjs.PhantomJSDriverService   : executable: /home/chan/SpringBoard-test/src/test/resources/phantomjs-2.1.1-linux-x86_64/bin/phantomjs
2017-02-17 16:42:04.470  INFO 4288 --- [    Test worker] o.o.s.phantomjs.PhantomJSDriverService   : port: 26710
2017-02-17 16:42:04.470  INFO 4288 --- [    Test worker] o.o.s.phantomjs.PhantomJSDriverService   : arguments: [--webdriver=26710, --webdriver-logfile=/home/chan/SpringBoard-test/phantomjsdriver.log]
2017-02-17 16:42:04.470  INFO 4288 --- [    Test worker] o.o.s.phantomjs.PhantomJSDriverService   : environment: {}
/home/chan/SpringBoard-test
2017-02-17 16:42:05.238  INFO 4288 --- [    Test worker] o.o.s.phantomjs.PhantomJSDriverService   : executable: /home/chan/SpringBoard-test/src/test/resources/phantomjs-2.1.1-linux-x86_64/bin/phantomjs
2017-02-17 16:42:05.238  INFO 4288 --- [    Test worker] o.o.s.phantomjs.PhantomJSDriverService   : port: 29418
2017-02-17 16:42:05.238  INFO 4288 --- [    Test worker] o.o.s.phantomjs.PhantomJSDriverService   : arguments: [--webdriver=29418, --webdriver-logfile=/home/chan/SpringBoard-test/phantomjsdriver.log]
2017-02-17 16:42:05.238  INFO 4288 --- [    Test worker] o.o.s.phantomjs.PhantomJSDriverService   : environment: {}
</pre>
</span>
</div>
<div id="tab3" class="tab">
<h2>Standard error</h2>
<span class="code">
<pre>[INFO  - 2017-02-17T07:42:00.405Z] GhostDriver - Main - running on port 27872
[INFO  - 2017-02-17T07:42:00.484Z] Session [910f2af0-f4e4-11e6-af08-b30016ee2b47] - page.settings - {&quot;XSSAuditingEnabled&quot;:false,&quot;javascriptCanCloseWindows&quot;:true,&quot;javascriptCanOpenWindows&quot;:true,&quot;javascriptEnabled&quot;:true,&quot;loadImages&quot;:true,&quot;localToRemoteUrlAccessEnabled&quot;:false,&quot;userAgent&quot;:&quot;Mozilla/5.0 (Unknown; Linux x86_64) AppleWebKit/538.1 (KHTML, like Gecko) PhantomJS/2.1.1 Safari/538.1&quot;,&quot;webSecurityEnabled&quot;:true}
[INFO  - 2017-02-17T07:42:00.484Z] Session [910f2af0-f4e4-11e6-af08-b30016ee2b47] - page.customHeaders:  - {}
[INFO  - 2017-02-17T07:42:00.484Z] Session [910f2af0-f4e4-11e6-af08-b30016ee2b47] - Session.negotiatedCapabilities - {&quot;browserName&quot;:&quot;phantomjs&quot;,&quot;version&quot;:&quot;2.1.1&quot;,&quot;driverName&quot;:&quot;ghostdriver&quot;,&quot;driverVersion&quot;:&quot;1.2.0&quot;,&quot;platform&quot;:&quot;linux-unknown-64bit&quot;,&quot;javascriptEnabled&quot;:true,&quot;takesScreenshot&quot;:true,&quot;handlesAlerts&quot;:false,&quot;databaseEnabled&quot;:false,&quot;locationContextEnabled&quot;:false,&quot;applicationCacheEnabled&quot;:false,&quot;browserConnectionEnabled&quot;:false,&quot;cssSelectorsEnabled&quot;:true,&quot;webStorageEnabled&quot;:false,&quot;rotatable&quot;:false,&quot;acceptSslCerts&quot;:false,&quot;nativeEvents&quot;:true,&quot;proxy&quot;:{&quot;proxyType&quot;:&quot;direct&quot;}}
[INFO  - 2017-02-17T07:42:00.485Z] SessionManagerReqHand - _postNewSessionCommand - New Session Created: 910f2af0-f4e4-11e6-af08-b30016ee2b47
[ERROR - 2017-02-17T07:42:00.777Z] WebElementLocator - _handleLocateCommand - Element(s) NOT Found: GAVE UP. Search Stop Time: 1487317320756

  phantomjs://platform/console++.js:263 in error
[INFO  - 2017-02-17T07:42:01.083Z] ShutdownReqHand - _handle - About to shutdown
[INFO  - 2017-02-17T07:42:01.201Z] GhostDriver - Main - running on port 18308
[INFO  - 2017-02-17T07:42:01.275Z] Session [91882b80-f4e4-11e6-9326-6d5455bce587] - page.settings - {&quot;XSSAuditingEnabled&quot;:false,&quot;javascriptCanCloseWindows&quot;:true,&quot;javascriptCanOpenWindows&quot;:true,&quot;javascriptEnabled&quot;:true,&quot;loadImages&quot;:true,&quot;localToRemoteUrlAccessEnabled&quot;:false,&quot;userAgent&quot;:&quot;Mozilla/5.0 (Unknown; Linux x86_64) AppleWebKit/538.1 (KHTML, like Gecko) PhantomJS/2.1.1 Safari/538.1&quot;,&quot;webSecurityEnabled&quot;:true}
[INFO  - 2017-02-17T07:42:01.275Z] Session [91882b80-f4e4-11e6-9326-6d5455bce587] - page.customHeaders:  - {}
[INFO  - 2017-02-17T07:42:01.275Z] Session [91882b80-f4e4-11e6-9326-6d5455bce587] - Session.negotiatedCapabilities - {&quot;browserName&quot;:&quot;phantomjs&quot;,&quot;version&quot;:&quot;2.1.1&quot;,&quot;driverName&quot;:&quot;ghostdriver&quot;,&quot;driverVersion&quot;:&quot;1.2.0&quot;,&quot;platform&quot;:&quot;linux-unknown-64bit&quot;,&quot;javascriptEnabled&quot;:true,&quot;takesScreenshot&quot;:true,&quot;handlesAlerts&quot;:false,&quot;databaseEnabled&quot;:false,&quot;locationContextEnabled&quot;:false,&quot;applicationCacheEnabled&quot;:false,&quot;browserConnectionEnabled&quot;:false,&quot;cssSelectorsEnabled&quot;:true,&quot;webStorageEnabled&quot;:false,&quot;rotatable&quot;:false,&quot;acceptSslCerts&quot;:false,&quot;nativeEvents&quot;:true,&quot;proxy&quot;:{&quot;proxyType&quot;:&quot;direct&quot;}}
[INFO  - 2017-02-17T07:42:01.275Z] SessionManagerReqHand - _postNewSessionCommand - New Session Created: 91882b80-f4e4-11e6-9326-6d5455bce587
[ERROR - 2017-02-17T07:42:01.863Z] WebElementLocator - _handleLocateCommand - Element(s) NOT Found: GAVE UP. Search Stop Time: 1487317321847

  phantomjs://platform/console++.js:263 in error
[INFO  - 2017-02-17T07:42:03.645Z] ShutdownReqHand - _handle - About to shutdown
[INFO  - 2017-02-17T07:42:03.756Z] GhostDriver - Main - running on port 24048
[INFO  - 2017-02-17T07:42:03.840Z] Session [930f8ed0-f4e4-11e6-8847-853482192e42] - page.settings - {&quot;XSSAuditingEnabled&quot;:false,&quot;javascriptCanCloseWindows&quot;:true,&quot;javascriptCanOpenWindows&quot;:true,&quot;javascriptEnabled&quot;:true,&quot;loadImages&quot;:true,&quot;localToRemoteUrlAccessEnabled&quot;:false,&quot;userAgent&quot;:&quot;Mozilla/5.0 (Unknown; Linux x86_64) AppleWebKit/538.1 (KHTML, like Gecko) PhantomJS/2.1.1 Safari/538.1&quot;,&quot;webSecurityEnabled&quot;:true}
[INFO  - 2017-02-17T07:42:03.840Z] Session [930f8ed0-f4e4-11e6-8847-853482192e42] - page.customHeaders:  - {}
[INFO  - 2017-02-17T07:42:03.840Z] Session [930f8ed0-f4e4-11e6-8847-853482192e42] - Session.negotiatedCapabilities - {&quot;browserName&quot;:&quot;phantomjs&quot;,&quot;version&quot;:&quot;2.1.1&quot;,&quot;driverName&quot;:&quot;ghostdriver&quot;,&quot;driverVersion&quot;:&quot;1.2.0&quot;,&quot;platform&quot;:&quot;linux-unknown-64bit&quot;,&quot;javascriptEnabled&quot;:true,&quot;takesScreenshot&quot;:true,&quot;handlesAlerts&quot;:false,&quot;databaseEnabled&quot;:false,&quot;locationContextEnabled&quot;:false,&quot;applicationCacheEnabled&quot;:false,&quot;browserConnectionEnabled&quot;:false,&quot;cssSelectorsEnabled&quot;:true,&quot;webStorageEnabled&quot;:false,&quot;rotatable&quot;:false,&quot;acceptSslCerts&quot;:false,&quot;nativeEvents&quot;:true,&quot;proxy&quot;:{&quot;proxyType&quot;:&quot;direct&quot;}}
[INFO  - 2017-02-17T07:42:03.840Z] SessionManagerReqHand - _postNewSessionCommand - New Session Created: 930f8ed0-f4e4-11e6-8847-853482192e42
[ERROR - 2017-02-17T07:42:04.131Z] WebElementLocator - _handleLocateCommand - Element(s) NOT Found: GAVE UP. Search Stop Time: 1487317324116

  phantomjs://platform/console++.js:263 in error
[INFO  - 2017-02-17T07:42:04.401Z] ShutdownReqHand - _handle - About to shutdown
[INFO  - 2017-02-17T07:42:04.559Z] GhostDriver - Main - running on port 26710
[INFO  - 2017-02-17T07:42:04.636Z] Session [93890490-f4e4-11e6-a7d4-4fee2e843c3f] - page.settings - {&quot;XSSAuditingEnabled&quot;:false,&quot;javascriptCanCloseWindows&quot;:true,&quot;javascriptCanOpenWindows&quot;:true,&quot;javascriptEnabled&quot;:true,&quot;loadImages&quot;:true,&quot;localToRemoteUrlAccessEnabled&quot;:false,&quot;userAgent&quot;:&quot;Mozilla/5.0 (Unknown; Linux x86_64) AppleWebKit/538.1 (KHTML, like Gecko) PhantomJS/2.1.1 Safari/538.1&quot;,&quot;webSecurityEnabled&quot;:true}
[INFO  - 2017-02-17T07:42:04.636Z] Session [93890490-f4e4-11e6-a7d4-4fee2e843c3f] - page.customHeaders:  - {}
[INFO  - 2017-02-17T07:42:04.636Z] Session [93890490-f4e4-11e6-a7d4-4fee2e843c3f] - Session.negotiatedCapabilities - {&quot;browserName&quot;:&quot;phantomjs&quot;,&quot;version&quot;:&quot;2.1.1&quot;,&quot;driverName&quot;:&quot;ghostdriver&quot;,&quot;driverVersion&quot;:&quot;1.2.0&quot;,&quot;platform&quot;:&quot;linux-unknown-64bit&quot;,&quot;javascriptEnabled&quot;:true,&quot;takesScreenshot&quot;:true,&quot;handlesAlerts&quot;:false,&quot;databaseEnabled&quot;:false,&quot;locationContextEnabled&quot;:false,&quot;applicationCacheEnabled&quot;:false,&quot;browserConnectionEnabled&quot;:false,&quot;cssSelectorsEnabled&quot;:true,&quot;webStorageEnabled&quot;:false,&quot;rotatable&quot;:false,&quot;acceptSslCerts&quot;:false,&quot;nativeEvents&quot;:true,&quot;proxy&quot;:{&quot;proxyType&quot;:&quot;direct&quot;}}
[INFO  - 2017-02-17T07:42:04.636Z] SessionManagerReqHand - _postNewSessionCommand - New Session Created: 93890490-f4e4-11e6-a7d4-4fee2e843c3f
[ERROR - 2017-02-17T07:42:04.920Z] WebElementLocator - _handleLocateCommand - Element(s) NOT Found: GAVE UP. Search Stop Time: 1487317324907

  phantomjs://platform/console++.js:263 in error
[INFO  - 2017-02-17T07:42:05.216Z] ShutdownReqHand - _handle - About to shutdown
[INFO  - 2017-02-17T07:42:05.324Z] GhostDriver - Main - running on port 29418
[INFO  - 2017-02-17T07:42:05.400Z] Session [93fdbf60-f4e4-11e6-a3e8-e180e2bda053] - page.settings - {&quot;XSSAuditingEnabled&quot;:false,&quot;javascriptCanCloseWindows&quot;:true,&quot;javascriptCanOpenWindows&quot;:true,&quot;javascriptEnabled&quot;:true,&quot;loadImages&quot;:true,&quot;localToRemoteUrlAccessEnabled&quot;:false,&quot;userAgent&quot;:&quot;Mozilla/5.0 (Unknown; Linux x86_64) AppleWebKit/538.1 (KHTML, like Gecko) PhantomJS/2.1.1 Safari/538.1&quot;,&quot;webSecurityEnabled&quot;:true}
[INFO  - 2017-02-17T07:42:05.400Z] Session [93fdbf60-f4e4-11e6-a3e8-e180e2bda053] - page.customHeaders:  - {}
[INFO  - 2017-02-17T07:42:05.400Z] Session [93fdbf60-f4e4-11e6-a3e8-e180e2bda053] - Session.negotiatedCapabilities - {&quot;browserName&quot;:&quot;phantomjs&quot;,&quot;version&quot;:&quot;2.1.1&quot;,&quot;driverName&quot;:&quot;ghostdriver&quot;,&quot;driverVersion&quot;:&quot;1.2.0&quot;,&quot;platform&quot;:&quot;linux-unknown-64bit&quot;,&quot;javascriptEnabled&quot;:true,&quot;takesScreenshot&quot;:true,&quot;handlesAlerts&quot;:false,&quot;databaseEnabled&quot;:false,&quot;locationContextEnabled&quot;:false,&quot;applicationCacheEnabled&quot;:false,&quot;browserConnectionEnabled&quot;:false,&quot;cssSelectorsEnabled&quot;:true,&quot;webStorageEnabled&quot;:false,&quot;rotatable&quot;:false,&quot;acceptSslCerts&quot;:false,&quot;nativeEvents&quot;:true,&quot;proxy&quot;:{&quot;proxyType&quot;:&quot;direct&quot;}}
[INFO  - 2017-02-17T07:42:05.400Z] SessionManagerReqHand - _postNewSessionCommand - New Session Created: 93fdbf60-f4e4-11e6-a3e8-e180e2bda053
[ERROR - 2017-02-17T07:42:05.686Z] WebElementLocator - _handleLocateCommand - Element(s) NOT Found: GAVE UP. Search Stop Time: 1487317325672

  phantomjs://platform/console++.js:263 in error
[INFO  - 2017-02-17T07:42:05.997Z] ShutdownReqHand - _handle - About to shutdown
</pre>
</span>
</div>
</div>
<div id="footer">
<p>
<div>
<label class="hidden" id="label-for-line-wrapping-toggle" for="line-wrapping-toggle">Wrap lines
<input id="line-wrapping-toggle" type="checkbox" autocomplete="off"/>
</label>
</div>Generated by 
<a href="http://www.gradle.org">Gradle 2.10</a> at 2017. 2. 17 오후 4:42:06</p>
</div>
</div>
</body>
</html>
